********************************************************************************
PACKAGE-LOG: 2016-10-23 16:07:09
NOTICE: Do NOT post to public sites or forums 
********************************************************************************
VERSION:	1.1.18
WORDPRESS:	4.6.1
PHP INFO:	5.4.45 | SAPI: cgi-fcgi
SERVER:		Apache/2.4.20 
PHP TIME LIMIT: (0) no time limit imposed 
PHP MAX MEMORY: 2048M (100M default) 
MEMORY STACK: 23.25MB 

********************************************************************************
DATABASE:
********************************************************************************
BUILD MODE:   PHP(query limit - 100)
MYSQLTIMEOUT: 5000
MYSQLDUMP:    Is Supported 
TABLES: total:42 | filtered:0 | create:42 
FILTERED: [] 
SQL CREATED: 20161023_rubengaresphotography_580ce01227dab4456161023160642_database.sql 
SQL FILE SIZE: 21.89MB (22955555) 
SQL FILE TIME: 2016-10-23 16:07:39 
SQL RUNTIME: 30.35 sec. 

******************************************************************************** 
ARCHIVE (ZIP): 
******************************************************************************** 
ARCHIVE DIR:  /kunden/presber.net/rubengares 
ARCHIVE FILE: 20161023_rubengaresphotography_580ce01227dab4456161023160642_archive.zip 
FILTERS: *OFF* 
DIRS:  not set 
EXTS:  not set 
---------------------------------------- 
COMPRESSING 
SIZE:	90.14MB 
STATS:	Dirs 600 | Files 5,483 
SQL ADDED: 20161023_rubengaresphotography_580ce01227dab4456161023160642_database.sql 
ZipArchive Object
(
    [status] => 0
    [statusSys] => 0
    [numFiles] => 6083
    [filename] => /kunden/presber.net/rubengares/wp-snapshots/tmp/20161023_rubengaresphotography_580ce01227dab4456161023160642_archive.zip
    [comment] => 
)
 
